2025-12-16 11:25:50,121 [INFO] Activator:176 - 


2025-12-16 11:25:50,123 [INFO] Activator:177 - !SESSION log4j initialized
2025-12-16 11:25:55,081 [INFO] LogOutputStream:77 - [STDOUT_REDIRECT] 
2025-12-16 11:25:57,995 [INFO] ApplicationProperties:184 - Using Application install path: /opt/st/stm32cubeide_1.18.0/plugins/com.st.stm32cube.common.mx_6.14.0.202502271554
2025-12-16 11:25:58,037 [INFO] DbMcusXml:78 - Set database path to: /opt/st/stm32cubeide_1.18.0/plugins/com.st.stm32cube.common.mx_6.14.0.202502271554//db//mcu/
2025-12-16 11:25:58,037 [INFO] ApiDb:274 - Set plugin database path to: /opt/st/stm32cubeide_1.18.0/plugins/com.st.stm32cube.common.mx_6.14.0.202502271554//db//plugins/boardmanager/
2025-12-16 11:25:58,037 [WARN] ApiDb:259 - Overriding images path with different value:  => /opt/st/stm32cubeide_1.18.0/plugins/com.st.stm32cube.common.mx_6.14.0.202502271554//db//plugins/mcufinder/images/
2025-12-16 11:25:58,065 [INFO] ApiDb:250 - Set database path to: /home/krotki/.stmcufinder/plugins/mcufinder//mcu/
2025-12-16 11:25:58,067 [INFO] DbMcusAds:125 - Set database path to: /home/krotki/.stmcufinder/plugins/mcufinder//mcu/
2025-12-16 11:25:58,072 [INFO] CrossReferenceDbSqlite:203 - Set database path to: /home/krotki/.stmcufinder/plugins/mcufinder//mcu/cs/
2025-12-16 11:25:58,225 [INFO] RulesReader:64 - Compatibility file has been processed (301 Rules)
2025-12-16 11:25:58,369 [INFO] DbMcusXml:78 - Set database path to: /opt/st/stm32cubeide_1.18.0/plugins/com.st.stm32cube.common.mx_6.14.0.202502271554//db//mcu/
2025-12-16 11:25:58,370 [INFO] ApiDb:274 - Set plugin database path to: /opt/st/stm32cubeide_1.18.0/plugins/com.st.stm32cube.common.mx_6.14.0.202502271554//db//plugins/boardmanager/
2025-12-16 11:25:58,370 [INFO] ApiDb:261 - Set plugin images path to: /opt/st/stm32cubeide_1.18.0/plugins/com.st.stm32cube.common.mx_6.14.0.202502271554//db//plugins/mcufinder/images/
2025-12-16 11:25:58,371 [WARN] DbFile:41 - Overriding database path with different value: /home/krotki/.stmcufinder/plugins/mcufinder/ => /home/krotki/.stmcufinder/plugins/mcufinder
2025-12-16 11:25:58,371 [INFO] ApiDb:250 - Set database path to: /home/krotki/.stmcufinder/plugins/mcufinder//mcu/
2025-12-16 11:25:58,371 [WARN] DbFile:41 - Overriding database path with different value: /home/krotki/.stmcufinder/plugins/mcufinder/ => /home/krotki/.stmcufinder/plugins/mcufinder
2025-12-16 11:25:58,371 [INFO] DbMcusAds:125 - Set database path to: /home/krotki/.stmcufinder/plugins/mcufinder//mcu/
2025-12-16 11:25:58,372 [WARN] DbFile:41 - Overriding database path with different value: /home/krotki/.stmcufinder/plugins/mcufinder/ => /home/krotki/.stmcufinder/plugins/mcufinder
2025-12-16 11:25:58,372 [WARN] DbFile:41 - Overriding database path with different value: /home/krotki/.stmcufinder/plugins/mcufinder/ => /home/krotki/.stmcufinder/plugins/mcufinder
2025-12-16 11:25:58,372 [INFO] CrossReferenceDbSqlite:203 - Set database path to: /home/krotki/.stmcufinder/plugins/mcufinder//mcu/cs/
2025-12-16 11:25:58,530 [INFO] MainPanel:272 - HeapMemory: 268435456
2025-12-16 11:25:58,928 [INFO] DbMcusXml:78 - Set database path to: /opt/st/stm32cubeide_1.18.0/plugins/com.st.stm32cube.common.mx_6.14.0.202502271554//db//mcu/
2025-12-16 11:25:58,928 [INFO] ApiDb:274 - Set plugin database path to: /opt/st/stm32cubeide_1.18.0/plugins/com.st.stm32cube.common.mx_6.14.0.202502271554//db//plugins/boardmanager/
2025-12-16 11:25:58,928 [INFO] ApiDb:261 - Set plugin images path to: /opt/st/stm32cubeide_1.18.0/plugins/com.st.stm32cube.common.mx_6.14.0.202502271554//db//plugins/mcufinder/images/
2025-12-16 11:25:58,930 [WARN] DbFile:41 - Overriding database path with different value: /home/krotki/.stmcufinder/plugins/mcufinder/ => /home/krotki/.stmcufinder/plugins/mcufinder
2025-12-16 11:25:58,930 [INFO] ApiDb:250 - Set database path to: /home/krotki/.stmcufinder/plugins/mcufinder//mcu/
2025-12-16 11:25:58,930 [WARN] DbFile:41 - Overriding database path with different value: /home/krotki/.stmcufinder/plugins/mcufinder/ => /home/krotki/.stmcufinder/plugins/mcufinder
2025-12-16 11:25:58,930 [INFO] DbMcusAds:125 - Set database path to: /home/krotki/.stmcufinder/plugins/mcufinder//mcu/
2025-12-16 11:25:58,931 [WARN] DbFile:41 - Overriding database path with different value: /home/krotki/.stmcufinder/plugins/mcufinder/ => /home/krotki/.stmcufinder/plugins/mcufinder
2025-12-16 11:25:58,931 [WARN] DbFile:41 - Overriding database path with different value: /home/krotki/.stmcufinder/plugins/mcufinder/ => /home/krotki/.stmcufinder/plugins/mcufinder
2025-12-16 11:25:58,931 [INFO] CrossReferenceDbSqlite:203 - Set database path to: /home/krotki/.stmcufinder/plugins/mcufinder//mcu/cs/
2025-12-16 11:25:58,974 [INFO] ApplicationProperties:184 - Using Application install path: /opt/st/stm32cubeide_1.18.0/plugins/com.st.stm32cube.common.mx_6.14.0.202502271554
2025-12-16 11:25:58,977 [INFO] PluginManage:196 - Search for loadable plugins [exclusion list=, ]
2025-12-16 11:25:58,980 [INFO] PluginManage:310 - Check plugin analytics
2025-12-16 11:25:59,368 [INFO] AnalyticsPlugin:253 - Accepted Software Licenses: 
2025-12-16 11:25:59,369 [INFO] AnalyticsPlugin:255 - Accepted CMSIS Pack Licenses: 
2025-12-16 11:25:59,369 [INFO] AnalyticsPlugin:257 - Accepted Firmware Licenses: 
2025-12-16 11:25:59,375 [INFO] PluginManage:359 - Loaded plugin analytics (category:tool,tabindex:-1)
2025-12-16 11:25:59,376 [INFO] PluginManage:310 - Check plugin cadmodel
2025-12-16 11:25:59,403 [INFO] CADModel:105 - Init CAD model plugin
2025-12-16 11:25:59,403 [INFO] PluginManage:359 - Loaded plugin cadmodel (category:power,tabindex:5)
2025-12-16 11:25:59,404 [INFO] PluginManage:310 - Check plugin clock
2025-12-16 11:25:59,441 [INFO] PluginManage:359 - Loaded plugin clock (category:base,tabindex:2)
2025-12-16 11:25:59,441 [INFO] PluginManage:310 - Check plugin ddr
2025-12-16 11:25:59,452 [INFO] PluginManage:359 - Loaded plugin ddr (category:tool,tabindex:6)
2025-12-16 11:25:59,452 [INFO] PluginManage:310 - Check plugin filemanager
2025-12-16 11:26:00,040 [INFO] PluginManage:359 - Loaded plugin filemanager (category:base,tabindex:10)
2025-12-16 11:26:00,043 [INFO] PluginManage:310 - Check plugin ipmanager
2025-12-16 11:26:00,106 [INFO] PluginManage:359 - Loaded plugin ipmanager (category:base,tabindex:5)
2025-12-16 11:26:00,107 [INFO] PluginManage:310 - Check plugin lpbam
2025-12-16 11:26:00,142 [INFO] PluginManage:359 - Loaded plugin lpbam (category:base,tabindex:0)
2025-12-16 11:26:00,143 [INFO] PluginManage:310 - Check plugin memorymap
2025-12-16 11:26:00,201 [INFO] PluginManage:359 - Loaded plugin memorymap (category:base,tabindex:4)
2025-12-16 11:26:00,201 [INFO] PluginManage:310 - Check plugin pinoutandconfiguration
2025-12-16 11:26:00,226 [INFO] PluginManage:359 - Loaded plugin pinoutandconfiguration (category:base,tabindex:1)
2025-12-16 11:26:00,227 [INFO] PluginManage:310 - Check plugin pinoutconfig
2025-12-16 11:26:00,435 [WARN] SupportedApi:132 - Cannot load RTOS API schema: s4s-elt-must-match.1: The content of 'definitions' must match (annotation?, (simpleType | complexType)?, (unique | key | keyref)*)). A problem was found starting at: attribute.
2025-12-16 11:26:00,645 [INFO] PluginManage:359 - Loaded plugin pinoutconfig (category:base,tabindex:0)
2025-12-16 11:26:00,645 [INFO] PluginManage:310 - Check plugin power
2025-12-16 11:26:00,667 [INFO] PluginManage:359 - Loaded plugin power (category:power,tabindex:4)
2025-12-16 11:26:00,667 [INFO] PluginManage:310 - Check plugin projectmanager
2025-12-16 11:26:00,696 [INFO] PluginManage:359 - Loaded plugin projectmanager (category:projectmanager,tabindex:4)
2025-12-16 11:26:00,696 [INFO] PluginManage:310 - Check plugin rif
2025-12-16 11:26:00,724 [INFO] PluginManage:359 - Loaded plugin rif (category:base,tabindex:3)
2025-12-16 11:26:00,724 [INFO] PluginManage:310 - Check plugin thirdparty
2025-12-16 11:26:00,996 [INFO] PluginManage:359 - Loaded plugin thirdparty (category:base,tabindex:-1)
2025-12-16 11:26:00,997 [INFO] PluginManage:310 - Check plugin tools
2025-12-16 11:26:00,997 [WARN] IntegrityCheckThread:84 - waiting for thirdparty lock release [integrity check]
2025-12-16 11:26:00,999 [INFO] IntegrityCheckThread:86 - entering critical section [integrity check]
2025-12-16 11:26:01,000 [INFO] ThirdPartyUpdaterWithRetryManager:70 - Updater plugin not ready yet. [1/15]
2025-12-16 11:26:01,002 [INFO] PluginManage:359 - Loaded plugin tools (category:base,tabindex:7)
2025-12-16 11:26:01,002 [INFO] PluginManage:310 - Check plugin tutovideos
2025-12-16 11:26:01,389 [INFO] PluginManage:359 - Loaded plugin tutovideos (category:base,tabindex:-1)
2025-12-16 11:26:01,389 [INFO] PluginManage:310 - Check plugin updater
2025-12-16 11:26:01,474 [INFO] PluginManage:359 - Loaded plugin updater (category:base,tabindex:12)
2025-12-16 11:26:01,474 [INFO] PluginManage:310 - Check plugin userauth
2025-12-16 11:26:01,485 [INFO] UserAuth:118 - Init User Auth plugin
2025-12-16 11:26:01,486 [INFO] PluginManage:359 - Loaded plugin userauth (category:base,tabindex:14)
2025-12-16 11:26:01,487 [INFO] PluginManage:283 - PluginManage : Loaded plugins [18]
2025-12-16 11:26:01,965 [INFO] PinOutPanel:1589 - setPackage(No Configuration,No Configuration)
2025-12-16 11:26:02,100 [INFO] CADModel:165 - CPN selected for project level
2025-12-16 11:26:02,100 [INFO] CADModel:114 - Register for checkConnection events
2025-12-16 11:26:02,124 [INFO] IPUIPlugin:80 - create IPUIPlugin
2025-12-16 11:26:02,125 [INFO] PluginManager:220 - loadIPPluginJar : add extmemmanager
2025-12-16 11:26:02,129 [INFO] IPUIPlugin:80 - create IPUIPlugin
2025-12-16 11:26:02,129 [INFO] PluginManager:220 - loadIPPluginJar : add hash
2025-12-16 11:26:02,142 [INFO] IPUIPlugin:80 - create IPUIPlugin
2025-12-16 11:26:02,143 [INFO] PluginManager:220 - loadIPPluginJar : add adc
2025-12-16 11:26:02,149 [INFO] IPUIPlugin:80 - create IPUIPlugin
2025-12-16 11:26:02,150 [INFO] PluginManager:220 - loadIPPluginJar : add fmc
2025-12-16 11:26:02,153 [INFO] IPUIPlugin:80 - create IPUIPlugin
2025-12-16 11:26:02,153 [INFO] PluginManager:220 - loadIPPluginJar : add ltdc
2025-12-16 11:26:02,159 [INFO] IPUIPlugin:80 - create IPUIPlugin
2025-12-16 11:26:02,159 [INFO] PluginManager:220 - loadIPPluginJar : add gtzc
2025-12-16 11:26:02,164 [INFO] IPUIPlugin:80 - create IPUIPlugin
2025-12-16 11:26:02,164 [INFO] PluginManager:220 - loadIPPluginJar : add spi
2025-12-16 11:26:02,166 [INFO] IPUIPlugin:80 - create IPUIPlugin
2025-12-16 11:26:02,167 [INFO] PluginManager:220 - loadIPPluginJar : add fatfs
2025-12-16 11:26:02,173 [INFO] IPUIPlugin:80 - create IPUIPlugin
2025-12-16 11:26:02,173 [INFO] PluginManager:220 - loadIPPluginJar : add sai
2025-12-16 11:26:02,178 [INFO] IPUIPlugin:80 - create IPUIPlugin
2025-12-16 11:26:02,178 [INFO] PluginManager:220 - loadIPPluginJar : add usbx
2025-12-16 11:26:02,181 [INFO] IPUIPlugin:80 - create IPUIPlugin
2025-12-16 11:26:02,181 [INFO] PluginManager:220 - loadIPPluginJar : add comp
2025-12-16 11:26:02,190 [INFO] IPUIPlugin:80 - create IPUIPlugin
2025-12-16 11:26:02,190 [INFO] PluginManager:220 - loadIPPluginJar : add ipddr
2025-12-16 11:26:02,199 [INFO] IPUIPlugin:80 - create IPUIPlugin
2025-12-16 11:26:02,199 [INFO] PluginManager:220 - loadIPPluginJar : add pdm2pcm
2025-12-16 11:26:02,204 [INFO] IPUIPlugin:80 - create IPUIPlugin
2025-12-16 11:26:02,204 [INFO] PluginManager:220 - loadIPPluginJar : add can
2025-12-16 11:26:02,207 [INFO] IPUIPlugin:80 - create IPUIPlugin
2025-12-16 11:26:02,208 [INFO] PluginManager:220 - loadIPPluginJar : add dfsdm
2025-12-16 11:26:02,211 [INFO] IPUIPlugin:80 - create IPUIPlugin
2025-12-16 11:26:02,211 [INFO] PluginManager:220 - loadIPPluginJar : add ucpd
2025-12-16 11:26:02,215 [INFO] IPUIPlugin:80 - create IPUIPlugin
2025-12-16 11:26:02,215 [INFO] PluginManager:220 - loadIPPluginJar : add lorawan
2025-12-16 11:26:02,222 [INFO] IPUIPlugin:80 - create IPUIPlugin
2025-12-16 11:26:02,222 [INFO] PluginManager:220 - loadIPPluginJar : add dma
2025-12-16 11:26:02,226 [INFO] IPUIPlugin:80 - create IPUIPlugin
2025-12-16 11:26:02,226 [INFO] PluginManager:220 - loadIPPluginJar : add opamp
2025-12-16 11:26:02,230 [INFO] IPUIPlugin:80 - create IPUIPlugin
2025-12-16 11:26:02,231 [INFO] PluginManager:220 - loadIPPluginJar : add i2s
2025-12-16 11:26:02,234 [INFO] IPUIPlugin:80 - create IPUIPlugin
2025-12-16 11:26:02,234 [INFO] PluginManager:220 - loadIPPluginJar : add tsc
2025-12-16 11:26:02,238 [INFO] IPUIPlugin:80 - create IPUIPlugin
2025-12-16 11:26:02,238 [INFO] PluginManager:220 - loadIPPluginJar : add i2c
2025-12-16 11:26:02,244 [INFO] IPUIPlugin:80 - create IPUIPlugin
2025-12-16 11:26:02,245 [INFO] PluginManager:220 - loadIPPluginJar : add gfxmmu
2025-12-16 11:26:02,254 [INFO] IPUIPlugin:80 - create IPUIPlugin
2025-12-16 11:26:02,254 [INFO] PluginManager:220 - loadIPPluginJar : add nvic
2025-12-16 11:26:02,266 [INFO] IPUIPlugin:80 - create IPUIPlugin
2025-12-16 11:26:02,266 [INFO] PluginManager:220 - loadIPPluginJar : add gpio
2025-12-16 11:26:02,272 [INFO] IPUIPlugin:80 - create IPUIPlugin
2025-12-16 11:26:02,273 [INFO] PluginManager:220 - loadIPPluginJar : add openamp
2025-12-16 11:26:02,278 [INFO] IPUIPlugin:80 - create IPUIPlugin
2025-12-16 11:26:02,278 [INFO] PluginManager:220 - loadIPPluginJar : add aes
2025-12-16 11:26:02,284 [INFO] IPUIPlugin:80 - create IPUIPlugin
2025-12-16 11:26:02,285 [INFO] PluginManager:220 - loadIPPluginJar : add dma3
2025-12-16 11:26:02,300 [INFO] IPUIPlugin:80 - create IPUIPlugin
2025-12-16 11:26:02,301 [INFO] PluginManager:220 - loadIPPluginJar : add mdma
2025-12-16 11:26:02,313 [INFO] IPUIPlugin:80 - create IPUIPlugin
2025-12-16 11:26:02,315 [INFO] PluginManager:220 - loadIPPluginJar : add plateformsettings
2025-12-16 11:26:02,320 [INFO] IPUIPlugin:80 - create IPUIPlugin
2025-12-16 11:26:02,320 [INFO] PluginManager:220 - loadIPPluginJar : add usart
2025-12-16 11:26:02,327 [INFO] IPUIPlugin:80 - create IPUIPlugin
2025-12-16 11:26:02,328 [INFO] PluginManager:220 - loadIPPluginJar : add ddr_ctrl_phy
2025-12-16 11:26:02,332 [INFO] IPUIPlugin:80 - create IPUIPlugin
2025-12-16 11:26:02,332 [INFO] PluginManager:220 - loadIPPluginJar : add cryp
2025-12-16 11:26:02,335 [INFO] IPUIPlugin:80 - create IPUIPlugin
2025-12-16 11:26:02,335 [INFO] PluginManager:220 - loadIPPluginJar : add genericplugin
2025-12-16 11:26:02,337 [INFO] IPUIPlugin:80 - create IPUIPlugin
2025-12-16 11:26:02,337 [INFO] PluginManager:220 - loadIPPluginJar : add quadspi
2025-12-16 11:26:02,349 [INFO] IPUIPlugin:80 - create IPUIPlugin
2025-12-16 11:26:02,349 [INFO] PluginManager:220 - loadIPPluginJar : add linkedlist
2025-12-16 11:26:02,360 [INFO] IPUIPlugin:80 - create IPUIPlugin
2025-12-16 11:26:02,360 [INFO] PluginManager:220 - loadIPPluginJar : add freertos
2025-12-16 11:26:02,369 [INFO] IPUIPlugin:80 - create IPUIPlugin
2025-12-16 11:26:02,369 [INFO] PluginManager:220 - loadIPPluginJar : add stm32_wpan
2025-12-16 11:26:02,372 [INFO] IPUIPlugin:80 - create IPUIPlugin
2025-12-16 11:26:02,372 [INFO] PluginManager:220 - loadIPPluginJar : add tim
2025-12-16 11:26:02,377 [INFO] IPUIPlugin:80 - create IPUIPlugin
2025-12-16 11:26:02,377 [INFO] PluginManager:220 - loadIPPluginJar : add i3c
2025-12-16 11:26:02,381 [INFO] IPUIPlugin:80 - create IPUIPlugin
2025-12-16 11:26:02,381 [INFO] PluginManager:220 - loadIPPluginJar : add ts
2025-12-16 11:26:02,385 [INFO] IPUIPlugin:80 - create IPUIPlugin
2025-12-16 11:26:02,385 [INFO] PluginManager:220 - loadIPPluginJar : add tracer_emb
2025-12-16 11:26:02,391 [INFO] IPUIPlugin:80 - create IPUIPlugin
2025-12-16 11:26:02,391 [INFO] PluginManager:220 - loadIPPluginJar : add touchsensing
2025-12-16 11:26:02,400 [INFO] IPUIPlugin:80 - create IPUIPlugin
2025-12-16 11:26:02,400 [INFO] PluginManager:220 - loadIPPluginJar : add gic
2025-12-16 11:26:02,409 [INFO] IPUIPlugin:80 - create IPUIPlugin
2025-12-16 11:26:02,409 [INFO] PluginManager:220 - loadIPPluginJar : add resmgrutility
2025-12-16 11:26:02,413 [INFO] IPUIPlugin:80 - create IPUIPlugin
2025-12-16 11:26:02,413 [INFO] PluginManager:220 - loadIPPluginJar : add radio
2025-12-16 11:26:02,535 [FATAL] Updater:351 - Updater called before beeing initialized
2025-12-16 11:26:02,589 [INFO] RulesReader:64 - Compatibility file has been processed (301 Rules)
2025-12-16 11:26:02,600 [INFO] RulesReader:64 - Compatibility file has been processed (301 Rules)
2025-12-16 11:26:02,612 [INFO] CADModel:165 - CPN selected for project level
2025-12-16 11:26:02,612 [INFO] CADModel:114 - Register for checkConnection events
2025-12-16 11:26:02,612 [FATAL] Updater:351 - Updater called before beeing initialized
2025-12-16 11:26:02,612 [ERROR] CADModel:125 - Updater not yet initialized, retry later 
2025-12-16 11:26:02,916 [FATAL] Updater:351 - Updater called before beeing initialized
2025-12-16 11:26:02,923 [INFO] CADModel:165 - CPN selected for project level
2025-12-16 11:26:02,924 [INFO] CADModel:114 - Register for checkConnection events
2025-12-16 11:26:02,924 [FATAL] Updater:351 - Updater called before beeing initialized
2025-12-16 11:26:02,924 [ERROR] CADModel:125 - Updater not yet initialized, retry later 
2025-12-16 11:26:02,932 [FATAL] Updater:351 - Updater called before beeing initialized
2025-12-16 11:26:03,046 [FATAL] Updater:351 - Updater called before beeing initialized
2025-12-16 11:26:03,055 [INFO] DbMcusAds:53 - JSON generation date=Mon Dec 08 15:28:09 CET 2025 (1765204089911)
2025-12-16 11:26:03,056 [FATAL] Updater:351 - Updater called before beeing initialized
2025-12-16 11:26:03,114 [WARN] DetailPanel:346 - Failed to get advertising image, set to default
2025-12-16 11:26:03,461 [FATAL] Updater:351 - Updater called before beeing initialized
2025-12-16 11:26:03,465 [FATAL] Updater:351 - Updater called before beeing initialized
2025-12-16 11:26:03,466 [FATAL] Updater:351 - Updater called before beeing initialized
2025-12-16 11:26:03,467 [WARN] DetailPanel:346 - Failed to get advertising image, set to default
2025-12-16 11:26:03,471 [FATAL] Updater:351 - Updater called before beeing initialized
2025-12-16 11:26:03,574 [ERROR] Updater:1198 - MainUpdater not yet initialized. External WinMGr cannot be set.
2025-12-16 11:26:03,584 [INFO] Updater:1134 - Updater Version found : 6.14.0
2025-12-16 11:26:03,648 [INFO] ApplicationProperties:184 - Using Application install path: /opt/st/stm32cubeide_1.18.0/plugins/com.st.stm32cube.common.mx_6.14.0.202502271554
2025-12-16 11:26:04,004 [INFO] ThirdPartyUpdaterWithRetryManager:70 - Updater plugin not ready yet. [2/15]
2025-12-16 11:26:04,124 [INFO] MainUpdater:2872 - connection check result : 10
2025-12-16 11:26:04,125 [INFO] MainUpdater:3566 - Updater definition file requires update
2025-12-16 11:26:04,127 [INFO] MainUpdater:289 - Updater Check For Update Now.
2025-12-16 11:26:04,127 [INFO] MicroXplorer:498 - Change Database Version : DB.6.0.140
2025-12-16 11:26:04,139 [INFO] McuFinderGlobals:63 - Set McuFinder mode to 2 (CubeIDE integrated)
2025-12-16 11:26:04,144 [INFO] UserAuth:486 - Internet connection configuration mode: 1
2025-12-16 11:26:04,196 [INFO] JxBrowserEngine:152 - Initiate JxBrowser Engine with user profile folder
2025-12-16 11:26:06,683 [INFO] ServerAccessManage:473 - Download File updaters.zip
2025-12-16 11:26:06,814 [INFO] FileExtend:242 - Unzip File : updaters.zip
2025-12-16 11:26:06,814 [INFO] FileExtend:257 - Standard Zip Deflate
2025-12-16 11:26:07,007 [WARN] MainUpdater:1193 - Updater busy. Cannot search thirdparties
2025-12-16 11:26:07,008 [INFO] ThirdPartyUpdaterWithRetryManager:96 - Updater plugin is busy. [1/15]
2025-12-16 11:26:09,600 [INFO] ServerAccessManage:473 - Download File PacksControlFlags.xml
2025-12-16 11:26:10,022 [WARN] MainUpdater:1193 - Updater busy. Cannot search thirdparties
2025-12-16 11:26:10,024 [INFO] ThirdPartyUpdaterWithRetryManager:96 - Updater plugin is busy. [2/15]
2025-12-16 11:26:10,299 [INFO] ServerAccessManage:473 - Download File cubemx.pidx
2025-12-16 11:26:12,176 [INFO] LoadServerUpdatesThread:375 - End of LoadServerUpdate Thread
2025-12-16 11:26:13,025 [WARN] MainUpdater:1193 - Updater busy. Cannot search thirdparties
2025-12-16 11:26:13,026 [INFO] ThirdPartyUpdaterWithRetryManager:96 - Updater plugin is busy. [3/15]
2025-12-16 11:26:13,102 [INFO] CheckServerUpdateThread:120 - End of CheckServer Thread
2025-12-16 11:26:14,618 [INFO] WebApp:169 - Instantiating new browser for Auth
2025-12-16 11:26:17,104 [WARN] PackLoader:240 - Cannot read IP mode file for STMicroelectronics.FP-SNS-MOTENVWB1.1.4.0
2025-12-16 11:26:17,143 [WARN] PackLoader:240 - Cannot read IP mode file for STMicroelectronics.FP-ATR-ASTRA1.2.0.2
2025-12-16 11:26:17,174 [WARN] PackLoader:240 - Cannot read IP mode file for STMicroelectronics.X-CUBE-SMBUS.2.1.0
2025-12-16 11:26:17,321 [WARN] PackLoader:240 - Cannot read IP mode file for STMicroelectronics.X-CUBE-AZRTOS-F7.1.1.0
2025-12-16 11:26:17,344 [ERROR] Engine:466 - /home/krotki/.stm32cubemx/thirdparties/pdsc/STMicroelectronics.FP-SNS-MOTENV1.5.1.0.pdsc: PDSC version is not supported
2025-12-16 11:26:17,357 [ERROR] Engine:466 - /home/krotki/.stm32cubemx/thirdparties/pdsc/WES.I-CUBE-Cesium.1.4.0.pdsc: PDSC version is not supported
2025-12-16 11:26:17,508 [WARN] PackLoader:240 - Cannot read IP mode file for STMicroelectronics.X-CUBE-AZRTOS-H7.3.4.0
2025-12-16 11:26:17,592 [WARN] PackLoader:240 - Cannot read IP mode file for STMicroelectronics.X-CUBE-DISPLAY.3.0.0
2025-12-16 11:26:17,650 [WARN] PackLoader:240 - Cannot read IP mode file for STMicroelectronics.X-CUBE-NFC10.1.0.0
2025-12-16 11:26:17,718 [WARN] PackLoader:240 - Cannot read IP mode file for STMicroelectronics.X-CUBE-ST60.1.1.0
2025-12-16 11:26:17,842 [WARN] PackLoader:240 - Cannot read IP mode file for emotas.I-CUBE-CANOPEN.1.3.0
2025-12-16 11:26:17,901 [WARN] PackLoader:240 - Cannot read IP mode file for STMicroelectronics.X-CUBE-GNSS1.7.1.0
2025-12-16 11:26:17,918 [ERROR] Engine:466 - /home/krotki/.stm32cubemx/thirdparties/pdsc/STMicroelectronics.FP-SNS-STBOX1.2.1.0.pdsc: PDSC version is not supported
2025-12-16 11:26:17,939 [WARN] PackLoader:240 - Cannot read IP mode file for STMicroelectronics.FP-SNS-SMARTAG2.1.2.0
2025-12-16 11:26:18,020 [WARN] PackLoader:240 - Cannot read IP mode file for STMicroelectronics.FP-SNS-FLIGHT1.5.1.0
2025-12-16 11:26:18,077 [INFO] LogOutputStream:77 - [STDOUT_REDIRECT] 1 : Invalid condition id : UX_CORESTACK_Condition cause : null
2025-12-16 11:26:18,079 [INFO] LogOutputStream:77 - [STDOUT_REDIRECT] 1 : Invalid condition id : UX_CORESTACK_Condition cause : null
2025-12-16 11:26:18,080 [INFO] LogOutputStream:77 - [STDOUT_REDIRECT] 1 : Invalid condition id : UX_CORESTACK_Condition cause : null
2025-12-16 11:26:18,081 [INFO] LogOutputStream:77 - [STDOUT_REDIRECT] 1 : Invalid condition id : UX_CORESTACK_Condition cause : null
2025-12-16 11:26:18,081 [INFO] LogOutputStream:77 - [STDOUT_REDIRECT] 1 : Invalid condition id : UX_CORESTACK_Condition cause : null
2025-12-16 11:26:18,236 [WARN] PackLoader:240 - Cannot read IP mode file for STMicroelectronics.X-CUBE-AZRTOS-WL.2.0.0
2025-12-16 11:26:18,439 [WARN] PackLoader:240 - Cannot read IP mode file for STMicroelectronics.X-CUBE-AZRTOS-H7RS.1.2.0
2025-12-16 11:26:18,735 [WARN] PackLoader:240 - Cannot read IP mode file for STMicroelectronics.X-CUBE-BLE2.3.3.0
2025-12-16 11:26:20,153 [WARN] PackLoader:240 - Cannot read IP mode file for Infineon.AIROC-Wi-Fi-Bluetooth-STM32.1.8.0
2025-12-16 11:26:20,368 [WARN] PackLoader:240 - Cannot read IP mode file for STMicroelectronics.X-CUBE-NFC9.1.0.0
2025-12-16 11:26:20,411 [WARN] PackLoader:240 - Cannot read IP mode file for wolfSSL.I-CUBE-wolfSSL.5.8.2
2025-12-16 11:26:20,463 [WARN] PackLoader:240 - Cannot read IP mode file for STMicroelectronics.X-CUBE-BLE1.7.1.0
2025-12-16 11:26:20,497 [WARN] PackLoader:240 - Cannot read IP mode file for wolfSSL.I-CUBE-wolfMQTT.1.19.2
2025-12-16 11:26:20,530 [ERROR] Engine:466 - /home/krotki/.stm32cubemx/thirdparties/pdsc/STMicroelectronics.X-CUBE-FREERTOS.1.4.0.pdsc: PDSC version is not supported
2025-12-16 11:26:20,567 [WARN] PackLoader:240 - Cannot read IP mode file for STMicroelectronics.X-CUBE-EEPRMA1.5.2.0
2025-12-16 11:26:20,628 [WARN] PackLoader:240 - Cannot read IP mode file for wolfSSL.I-CUBE-wolfSSL.5.8.4
2025-12-16 11:26:20,655 [WARN] PackLoader:240 - Cannot read IP mode file for Cesanta.I-CUBE-Mongoose.7.20.0
2025-12-16 11:26:20,694 [ERROR] Engine:466 - /home/krotki/.stm32cubemx/thirdparties/pdsc/STMicroelectronics.X-CUBE-ST67W61.1.1.0.pdsc: PDSC version is not supported
2025-12-16 11:26:21,040 [WARN] PackLoader:240 - Cannot read IP mode file for STMicroelectronics.X-CUBE-MEMS1.12.0.0
2025-12-16 11:26:21,331 [WARN] PackLoader:240 - Cannot read IP mode file for STMicroelectronics.X-CUBE-AZRTOS-G0.1.1.0
2025-12-16 11:26:21,380 [WARN] PackLoader:240 - Cannot read IP mode file for STMicroelectronics.X-CUBE-NFC4.3.0.0
2025-12-16 11:26:21,437 [WARN] PackLoader:240 - Cannot read IP mode file for EmbeddedOffice.I-CUBE-FS-RTOS.1.0.1
2025-12-16 11:26:21,470 [WARN] PackLoader:240 - Cannot read IP mode file for STMicroelectronics.X-CUBE-WB05N.2.0.0
2025-12-16 11:26:21,505 [WARN] PackLoader:240 - Cannot read IP mode file for wolfSSL.I-CUBE-wolfTPM.3.8.0
2025-12-16 11:26:21,548 [WARN] PackLoader:240 - Cannot read IP mode file for STMicroelectronics.X-CUBE-TCPP.4.2.0
2025-12-16 11:26:21,563 [WARN] PackLoader:240 - Cannot read IP mode file for RealThread.X-CUBE-RT-Thread_Nano.4.1.1
2025-12-16 11:26:21,578 [WARN] PackLoader:240 - Cannot read IP mode file for STMicroelectronics.FP-ATR-SIGFOX1.3.2.0
2025-12-16 11:26:21,602 [WARN] PackLoader:240 - Cannot read IP mode file for ITTIA_DB.I-CUBE-ITTIADB.8.9.0
2025-12-16 11:26:21,626 [WARN] PackLoader:240 - Cannot read IP mode file for STMicroelectronics.X-CUBE-AI.10.2.0
2025-12-16 11:26:21,783 [WARN] PackLoader:240 - Cannot read IP mode file for SEGGER.I-CUBE-embOS.1.3.1
2025-12-16 11:26:21,868 [WARN] PackLoader:240 - Cannot read IP mode file for STMicroelectronics.X-CUBE-ALGOBUILD.1.4.0
2025-12-16 11:26:21,873 [WARN] PackLoader:240 - Cannot read IP mode file for STMicroelectronics.X-CUBE-PM33A1.1.0.0
2025-12-16 11:26:21,891 [WARN] PackLoader:240 - Cannot read IP mode file for STMicroelectronics.X-CUBE-AZRTOS-F4.1.1.0
2025-12-16 11:26:21,898 [WARN] PackLoader:240 - Cannot read IP mode file for STMicroelectronics.X-CUBE-ISPU.2.1.0
2025-12-16 11:26:21,967 [ERROR] Engine:466 - /home/krotki/.stm32cubemx/thirdparties/pdsc/STMicroelectronics.X-CUBE-IPS.3.2.0.pdsc: PDSC version is not supported
2025-12-16 11:26:21,973 [WARN] PackLoader:240 - Cannot read IP mode file for STMicroelectronics.X-CUBE-NFC12.1.0.0
2025-12-16 11:26:22,011 [WARN] PackLoader:240 - Cannot read IP mode file for STMicroelectronics.X-CUBE-AZRTOS-L5.2.0.0
2025-12-16 11:26:22,026 [WARN] PackLoader:240 - Cannot read IP mode file for STMicroelectronics.X-CUBE-NFC6.3.1.0
2025-12-16 11:26:22,041 [WARN] PackLoader:240 - Cannot read IP mode file for STMicroelectronics.X-CUBE-TOUCHGFX.4.26.0
2025-12-16 11:26:22,049 [WARN] PackLoader:240 - Cannot read IP mode file for STMicroelectronics.FP-SNS-STAIOTCFT.1.0.0
2025-12-16 11:26:22,061 [WARN] PackLoader:240 - Cannot read IP mode file for STMicroelectronics.X-CUBE-DPower.1.3.0
2025-12-16 11:26:22,095 [WARN] ConditionMgr:438 - getConditionDescription Invalid condition id : LAN8742 Phy interface Condition cause : null
2025-12-16 11:26:22,097 [WARN] PackLoader:240 - Cannot read IP mode file for STMicroelectronics.X-CUBE-AZRTOS-L4.2.0.0
2025-12-16 11:26:22,099 [WARN] ConditionMgr:1044 - genDependencies : Invalid condition id : LAN8742 Phy interface Condition cause : null
2025-12-16 11:26:22,100 [WARN] ConditionMgr:1044 - genDependencies : Invalid condition id : LAN8742 Phy interface Condition cause : null
2025-12-16 11:26:22,102 [WARN] ConditionMgr:1044 - genDependencies : Invalid condition id : LAN8742 Phy interface Condition cause : null
2025-12-16 11:26:22,140 [WARN] PackLoader:240 - Cannot read IP mode file for STMicroelectronics.X-CUBE-SFXS2LP1.4.0.0
2025-12-16 11:26:22,177 [WARN] PackLoader:240 - Cannot read IP mode file for STMicroelectronics.X-CUBE-BLEMGR.4.1.0
2025-12-16 11:26:22,243 [WARN] ConditionMgr:438 - getConditionDescription Invalid condition id : UX DEVICE CLASS RTOS Condition cause : null
2025-12-16 11:26:22,245 [WARN] ConditionMgr:438 - getConditionDescription Invalid condition id : UX DEVICE CLASS RTOS Condition cause : null
2025-12-16 11:26:22,247 [WARN] PackLoader:240 - Cannot read IP mode file for STMicroelectronics.X-CUBE-AZRTOS-WB.2.0.0
2025-12-16 11:26:22,248 [WARN] ConditionMgr:1044 - genDependencies : Invalid condition id : UX DEVICE CLASS RTOS Condition cause : null
2025-12-16 11:26:22,248 [WARN] ConditionMgr:1044 - genDependencies : Invalid condition id : UX DEVICE CLASS RTOS Condition cause : null
2025-12-16 11:26:22,249 [WARN] ConditionMgr:1044 - genDependencies : Invalid condition id : UX DEVICE CLASS RTOS Condition cause : null
2025-12-16 11:26:22,250 [WARN] ConditionMgr:1044 - genDependencies : Invalid condition id : UX DEVICE CLASS RTOS Condition cause : null
2025-12-16 11:26:22,250 [WARN] ConditionMgr:1044 - genDependencies : Invalid condition id : UX DEVICE CLASS RTOS Condition cause : null
2025-12-16 11:26:22,262 [WARN] ConditionMgr:438 - getConditionDescription Invalid condition id : Cortex-A Device cause : null
2025-12-16 11:26:22,283 [WARN] ConditionMgr:1044 - genDependencies : Invalid condition id : Cortex-A Device cause : null
2025-12-16 11:26:22,283 [WARN] ConditionMgr:1044 - genDependencies : Invalid condition id : Cortex-A Device cause : null
2025-12-16 11:26:22,283 [WARN] ConditionMgr:1044 - genDependencies : Invalid condition id : Cortex-A Device cause : null
2025-12-16 11:26:22,309 [WARN] PackLoader:240 - Cannot read IP mode file for STMicroelectronics.X-CUBE-SUBG2.5.0.0
2025-12-16 11:26:22,346 [WARN] PackLoader:240 - Cannot read IP mode file for STMicroelectronics.X-CUBE-AZRTOS-G4.2.0.0
2025-12-16 11:26:22,356 [WARN] PackLoader:240 - Cannot read IP mode file for wolfSSL.I-CUBE-wolfSSH.1.4.20
2025-12-16 11:26:22,362 [WARN] PackLoader:240 - Cannot read IP mode file for STMicroelectronics.X-CUBE-NFC7.2.0.0
2025-12-16 11:26:22,371 [WARN] PackLoader:240 - Cannot read IP mode file for STMicroelectronics.X-CUBE-ALS.1.0.2
2025-12-16 11:26:22,385 [WARN] PackLoader:240 - Cannot read IP mode file for STMicroelectronics.X-CUBE-STSE01.1.0.0
2025-12-16 11:26:22,412 [WARN] PackLoader:240 - Cannot read IP mode file for STMicroelectronics.X-CUBE-TOF1.3.4.3
2025-12-16 11:26:22,479 [INFO] ThirdParty:978 - Integrity check success = true
2025-12-16 11:26:22,479 [INFO] IntegrityCheckThread:100 - exiting critical section [integrity check]
2025-12-16 11:26:22,480 [INFO] IntegrityCheckThread:103 - End integrity checks thread
2025-12-16 11:26:23,541 [INFO] WebApp:463 - Apply proxy settings
2025-12-16 11:26:23,544 [INFO] WebApp:548 - Chromium requires no authentication
2025-12-16 11:26:23,587 [INFO] WebApp:491 - Direct internet connection detected
2025-12-16 11:26:23,693 [INFO] WebApp:894 - Register for checkConnection events
2025-12-16 11:26:23,694 [INFO] WebApp:463 - Apply proxy settings
2025-12-16 11:26:23,694 [INFO] WebApp:548 - Chromium requires no authentication
2025-12-16 11:26:23,700 [INFO] WebApp:491 - Direct internet connection detected
2025-12-16 11:26:24,423 [INFO] WebApp:191 - Connection restablished
2025-12-16 11:26:25,647 [INFO] WebApp:225 - Starting web application
2025-12-16 11:26:25,649 [INFO] WebApp:593 - Web application path used /opt/st/stm32cubeide_1.18.0/plugins/com.st.stm32cube.common.mx_6.14.0.202502271554/db/plugins/mcufinder/reactClient1/index.html
2025-12-16 11:26:26,759 [INFO] UserAuth:486 - Internet connection configuration mode: 1
2025-12-16 11:27:26,938 [ERROR] LogOutputStream:75 - [STDERR_REDIRECT] 
