2025-12-16 11:53:14,498 [INFO] Activator:176 - 


2025-12-16 11:53:14,501 [INFO] Activator:177 - !SESSION log4j initialized
2025-12-16 11:53:17,946 [INFO] LogOutputStream:77 - [STDOUT_REDIRECT] 
2025-12-16 11:53:20,838 [INFO] ApplicationProperties:184 - Using Application install path: /opt/st/stm32cubeide_1.18.0/plugins/com.st.stm32cube.common.mx_6.14.0.202502271554
2025-12-16 11:53:20,885 [INFO] DbMcusXml:78 - Set database path to: /opt/st/stm32cubeide_1.18.0/plugins/com.st.stm32cube.common.mx_6.14.0.202502271554//db//mcu/
2025-12-16 11:53:20,885 [INFO] ApiDb:274 - Set plugin database path to: /opt/st/stm32cubeide_1.18.0/plugins/com.st.stm32cube.common.mx_6.14.0.202502271554//db//plugins/boardmanager/
2025-12-16 11:53:20,885 [WARN] ApiDb:259 - Overriding images path with different value:  => /opt/st/stm32cubeide_1.18.0/plugins/com.st.stm32cube.common.mx_6.14.0.202502271554//db//plugins/mcufinder/images/
2025-12-16 11:53:20,905 [INFO] ApiDb:250 - Set database path to: /home/krotki/.stmcufinder/plugins/mcufinder//mcu/
2025-12-16 11:53:20,909 [INFO] DbMcusAds:125 - Set database path to: /home/krotki/.stmcufinder/plugins/mcufinder//mcu/
2025-12-16 11:53:20,917 [INFO] CrossReferenceDbSqlite:203 - Set database path to: /home/krotki/.stmcufinder/plugins/mcufinder//mcu/cs/
2025-12-16 11:53:21,103 [INFO] RulesReader:64 - Compatibility file has been processed (301 Rules)
2025-12-16 11:53:21,237 [INFO] DbMcusXml:78 - Set database path to: /opt/st/stm32cubeide_1.18.0/plugins/com.st.stm32cube.common.mx_6.14.0.202502271554//db//mcu/
2025-12-16 11:53:21,237 [INFO] ApiDb:274 - Set plugin database path to: /opt/st/stm32cubeide_1.18.0/plugins/com.st.stm32cube.common.mx_6.14.0.202502271554//db//plugins/boardmanager/
2025-12-16 11:53:21,238 [INFO] ApiDb:261 - Set plugin images path to: /opt/st/stm32cubeide_1.18.0/plugins/com.st.stm32cube.common.mx_6.14.0.202502271554//db//plugins/mcufinder/images/
2025-12-16 11:53:21,239 [WARN] DbFile:41 - Overriding database path with different value: /home/krotki/.stmcufinder/plugins/mcufinder/ => /home/krotki/.stmcufinder/plugins/mcufinder
2025-12-16 11:53:21,239 [INFO] ApiDb:250 - Set database path to: /home/krotki/.stmcufinder/plugins/mcufinder//mcu/
2025-12-16 11:53:21,239 [WARN] DbFile:41 - Overriding database path with different value: /home/krotki/.stmcufinder/plugins/mcufinder/ => /home/krotki/.stmcufinder/plugins/mcufinder
2025-12-16 11:53:21,239 [INFO] DbMcusAds:125 - Set database path to: /home/krotki/.stmcufinder/plugins/mcufinder//mcu/
2025-12-16 11:53:21,239 [WARN] DbFile:41 - Overriding database path with different value: /home/krotki/.stmcufinder/plugins/mcufinder/ => /home/krotki/.stmcufinder/plugins/mcufinder
2025-12-16 11:53:21,239 [WARN] DbFile:41 - Overriding database path with different value: /home/krotki/.stmcufinder/plugins/mcufinder/ => /home/krotki/.stmcufinder/plugins/mcufinder
2025-12-16 11:53:21,240 [INFO] CrossReferenceDbSqlite:203 - Set database path to: /home/krotki/.stmcufinder/plugins/mcufinder//mcu/cs/
2025-12-16 11:53:21,399 [INFO] MainPanel:272 - HeapMemory: 268435456
2025-12-16 11:53:21,704 [INFO] DbMcusXml:78 - Set database path to: /opt/st/stm32cubeide_1.18.0/plugins/com.st.stm32cube.common.mx_6.14.0.202502271554//db//mcu/
2025-12-16 11:53:21,705 [INFO] ApiDb:274 - Set plugin database path to: /opt/st/stm32cubeide_1.18.0/plugins/com.st.stm32cube.common.mx_6.14.0.202502271554//db//plugins/boardmanager/
2025-12-16 11:53:21,705 [INFO] ApiDb:261 - Set plugin images path to: /opt/st/stm32cubeide_1.18.0/plugins/com.st.stm32cube.common.mx_6.14.0.202502271554//db//plugins/mcufinder/images/
2025-12-16 11:53:21,705 [WARN] DbFile:41 - Overriding database path with different value: /home/krotki/.stmcufinder/plugins/mcufinder/ => /home/krotki/.stmcufinder/plugins/mcufinder
2025-12-16 11:53:21,705 [INFO] ApiDb:250 - Set database path to: /home/krotki/.stmcufinder/plugins/mcufinder//mcu/
2025-12-16 11:53:21,706 [WARN] DbFile:41 - Overriding database path with different value: /home/krotki/.stmcufinder/plugins/mcufinder/ => /home/krotki/.stmcufinder/plugins/mcufinder
2025-12-16 11:53:21,706 [INFO] DbMcusAds:125 - Set database path to: /home/krotki/.stmcufinder/plugins/mcufinder//mcu/
2025-12-16 11:53:21,706 [WARN] DbFile:41 - Overriding database path with different value: /home/krotki/.stmcufinder/plugins/mcufinder/ => /home/krotki/.stmcufinder/plugins/mcufinder
2025-12-16 11:53:21,706 [WARN] DbFile:41 - Overriding database path with different value: /home/krotki/.stmcufinder/plugins/mcufinder/ => /home/krotki/.stmcufinder/plugins/mcufinder
2025-12-16 11:53:21,706 [INFO] CrossReferenceDbSqlite:203 - Set database path to: /home/krotki/.stmcufinder/plugins/mcufinder//mcu/cs/
2025-12-16 11:53:21,734 [INFO] ApplicationProperties:184 - Using Application install path: /opt/st/stm32cubeide_1.18.0/plugins/com.st.stm32cube.common.mx_6.14.0.202502271554
2025-12-16 11:53:21,736 [INFO] PluginManage:196 - Search for loadable plugins [exclusion list=, ]
2025-12-16 11:53:21,739 [INFO] PluginManage:310 - Check plugin analytics
2025-12-16 11:53:22,061 [INFO] AnalyticsPlugin:253 - Accepted Software Licenses: 
2025-12-16 11:53:22,062 [INFO] AnalyticsPlugin:255 - Accepted CMSIS Pack Licenses: 
2025-12-16 11:53:22,062 [INFO] AnalyticsPlugin:257 - Accepted Firmware Licenses: 
2025-12-16 11:53:22,068 [INFO] PluginManage:359 - Loaded plugin analytics (category:tool,tabindex:-1)
2025-12-16 11:53:22,069 [INFO] PluginManage:310 - Check plugin cadmodel
2025-12-16 11:53:22,090 [INFO] CADModel:105 - Init CAD model plugin
2025-12-16 11:53:22,091 [INFO] PluginManage:359 - Loaded plugin cadmodel (category:power,tabindex:5)
2025-12-16 11:53:22,091 [INFO] PluginManage:310 - Check plugin clock
2025-12-16 11:53:22,128 [INFO] PluginManage:359 - Loaded plugin clock (category:base,tabindex:2)
2025-12-16 11:53:22,128 [INFO] PluginManage:310 - Check plugin ddr
2025-12-16 11:53:22,134 [INFO] PluginManage:359 - Loaded plugin ddr (category:tool,tabindex:6)
2025-12-16 11:53:22,135 [INFO] PluginManage:310 - Check plugin filemanager
2025-12-16 11:53:22,449 [INFO] PluginManage:359 - Loaded plugin filemanager (category:base,tabindex:10)
2025-12-16 11:53:22,450 [INFO] PluginManage:310 - Check plugin ipmanager
2025-12-16 11:53:22,467 [INFO] PluginManage:359 - Loaded plugin ipmanager (category:base,tabindex:5)
2025-12-16 11:53:22,467 [INFO] PluginManage:310 - Check plugin lpbam
2025-12-16 11:53:22,501 [INFO] PluginManage:359 - Loaded plugin lpbam (category:base,tabindex:0)
2025-12-16 11:53:22,502 [INFO] PluginManage:310 - Check plugin memorymap
2025-12-16 11:53:22,546 [INFO] PluginManage:359 - Loaded plugin memorymap (category:base,tabindex:4)
2025-12-16 11:53:22,546 [INFO] PluginManage:310 - Check plugin pinoutandconfiguration
2025-12-16 11:53:22,568 [INFO] PluginManage:359 - Loaded plugin pinoutandconfiguration (category:base,tabindex:1)
2025-12-16 11:53:22,570 [INFO] PluginManage:310 - Check plugin pinoutconfig
2025-12-16 11:53:22,774 [WARN] SupportedApi:132 - Cannot load RTOS API schema: s4s-elt-must-match.1: The content of 'definitions' must match (annotation?, (simpleType | complexType)?, (unique | key | keyref)*)). A problem was found starting at: attribute.
2025-12-16 11:53:23,142 [INFO] PluginManage:359 - Loaded plugin pinoutconfig (category:base,tabindex:0)
2025-12-16 11:53:23,145 [INFO] PluginManage:310 - Check plugin power
2025-12-16 11:53:23,177 [INFO] PluginManage:359 - Loaded plugin power (category:power,tabindex:4)
2025-12-16 11:53:23,178 [INFO] PluginManage:310 - Check plugin projectmanager
2025-12-16 11:53:23,214 [INFO] PluginManage:359 - Loaded plugin projectmanager (category:projectmanager,tabindex:4)
2025-12-16 11:53:23,215 [INFO] PluginManage:310 - Check plugin rif
2025-12-16 11:53:23,235 [INFO] PluginManage:359 - Loaded plugin rif (category:base,tabindex:3)
2025-12-16 11:53:23,235 [INFO] PluginManage:310 - Check plugin thirdparty
2025-12-16 11:53:23,457 [INFO] PluginManage:359 - Loaded plugin thirdparty (category:base,tabindex:-1)
2025-12-16 11:53:23,457 [INFO] PluginManage:310 - Check plugin tools
2025-12-16 11:53:23,461 [INFO] PluginManage:359 - Loaded plugin tools (category:base,tabindex:7)
2025-12-16 11:53:23,461 [INFO] PluginManage:310 - Check plugin tutovideos
2025-12-16 11:53:23,457 [WARN] IntegrityCheckThread:84 - waiting for thirdparty lock release [integrity check]
2025-12-16 11:53:23,463 [INFO] IntegrityCheckThread:86 - entering critical section [integrity check]
2025-12-16 11:53:23,463 [INFO] ThirdPartyUpdaterWithRetryManager:70 - Updater plugin not ready yet. [1/15]
2025-12-16 11:53:23,734 [INFO] PluginManage:359 - Loaded plugin tutovideos (category:base,tabindex:-1)
2025-12-16 11:53:23,734 [INFO] PluginManage:310 - Check plugin updater
2025-12-16 11:53:23,772 [INFO] PluginManage:359 - Loaded plugin updater (category:base,tabindex:12)
2025-12-16 11:53:23,772 [INFO] PluginManage:310 - Check plugin userauth
2025-12-16 11:53:23,780 [INFO] UserAuth:118 - Init User Auth plugin
2025-12-16 11:53:23,781 [INFO] PluginManage:359 - Loaded plugin userauth (category:base,tabindex:14)
2025-12-16 11:53:23,782 [INFO] PluginManage:283 - PluginManage : Loaded plugins [18]
2025-12-16 11:53:24,108 [INFO] PinOutPanel:1589 - setPackage(No Configuration,No Configuration)
2025-12-16 11:53:24,215 [INFO] CADModel:165 - CPN selected for project level
2025-12-16 11:53:24,216 [INFO] CADModel:114 - Register for checkConnection events
2025-12-16 11:53:24,243 [INFO] IPUIPlugin:80 - create IPUIPlugin
2025-12-16 11:53:24,243 [INFO] PluginManager:220 - loadIPPluginJar : add extmemmanager
2025-12-16 11:53:24,247 [INFO] IPUIPlugin:80 - create IPUIPlugin
2025-12-16 11:53:24,247 [INFO] PluginManager:220 - loadIPPluginJar : add hash
2025-12-16 11:53:24,262 [INFO] IPUIPlugin:80 - create IPUIPlugin
2025-12-16 11:53:24,262 [INFO] PluginManager:220 - loadIPPluginJar : add adc
2025-12-16 11:53:24,267 [INFO] IPUIPlugin:80 - create IPUIPlugin
2025-12-16 11:53:24,268 [INFO] PluginManager:220 - loadIPPluginJar : add fmc
2025-12-16 11:53:24,270 [INFO] IPUIPlugin:80 - create IPUIPlugin
2025-12-16 11:53:24,270 [INFO] PluginManager:220 - loadIPPluginJar : add ltdc
2025-12-16 11:53:24,276 [INFO] IPUIPlugin:80 - create IPUIPlugin
2025-12-16 11:53:24,276 [INFO] PluginManager:220 - loadIPPluginJar : add gtzc
2025-12-16 11:53:24,280 [INFO] IPUIPlugin:80 - create IPUIPlugin
2025-12-16 11:53:24,280 [INFO] PluginManager:220 - loadIPPluginJar : add spi
2025-12-16 11:53:24,282 [INFO] IPUIPlugin:80 - create IPUIPlugin
2025-12-16 11:53:24,282 [INFO] PluginManager:220 - loadIPPluginJar : add fatfs
2025-12-16 11:53:24,289 [INFO] IPUIPlugin:80 - create IPUIPlugin
2025-12-16 11:53:24,289 [INFO] PluginManager:220 - loadIPPluginJar : add sai
2025-12-16 11:53:24,295 [INFO] IPUIPlugin:80 - create IPUIPlugin
2025-12-16 11:53:24,295 [INFO] PluginManager:220 - loadIPPluginJar : add usbx
2025-12-16 11:53:24,297 [INFO] IPUIPlugin:80 - create IPUIPlugin
2025-12-16 11:53:24,297 [INFO] PluginManager:220 - loadIPPluginJar : add comp
2025-12-16 11:53:24,306 [INFO] IPUIPlugin:80 - create IPUIPlugin
2025-12-16 11:53:24,306 [INFO] PluginManager:220 - loadIPPluginJar : add ipddr
2025-12-16 11:53:24,313 [INFO] IPUIPlugin:80 - create IPUIPlugin
2025-12-16 11:53:24,314 [INFO] PluginManager:220 - loadIPPluginJar : add pdm2pcm
2025-12-16 11:53:24,317 [INFO] IPUIPlugin:80 - create IPUIPlugin
2025-12-16 11:53:24,318 [INFO] PluginManager:220 - loadIPPluginJar : add can
2025-12-16 11:53:24,322 [INFO] IPUIPlugin:80 - create IPUIPlugin
2025-12-16 11:53:24,322 [INFO] PluginManager:220 - loadIPPluginJar : add dfsdm
2025-12-16 11:53:24,326 [INFO] IPUIPlugin:80 - create IPUIPlugin
2025-12-16 11:53:24,327 [INFO] PluginManager:220 - loadIPPluginJar : add ucpd
2025-12-16 11:53:24,331 [INFO] IPUIPlugin:80 - create IPUIPlugin
2025-12-16 11:53:24,332 [INFO] PluginManager:220 - loadIPPluginJar : add lorawan
2025-12-16 11:53:24,340 [INFO] IPUIPlugin:80 - create IPUIPlugin
2025-12-16 11:53:24,341 [INFO] PluginManager:220 - loadIPPluginJar : add dma
2025-12-16 11:53:24,345 [INFO] IPUIPlugin:80 - create IPUIPlugin
2025-12-16 11:53:24,346 [INFO] PluginManager:220 - loadIPPluginJar : add opamp
2025-12-16 11:53:24,350 [INFO] IPUIPlugin:80 - create IPUIPlugin
2025-12-16 11:53:24,351 [INFO] PluginManager:220 - loadIPPluginJar : add i2s
2025-12-16 11:53:24,354 [INFO] IPUIPlugin:80 - create IPUIPlugin
2025-12-16 11:53:24,355 [INFO] PluginManager:220 - loadIPPluginJar : add tsc
2025-12-16 11:53:24,359 [INFO] IPUIPlugin:80 - create IPUIPlugin
2025-12-16 11:53:24,360 [INFO] PluginManager:220 - loadIPPluginJar : add i2c
2025-12-16 11:53:24,366 [INFO] IPUIPlugin:80 - create IPUIPlugin
2025-12-16 11:53:24,366 [INFO] PluginManager:220 - loadIPPluginJar : add gfxmmu
2025-12-16 11:53:24,375 [INFO] IPUIPlugin:80 - create IPUIPlugin
2025-12-16 11:53:24,376 [INFO] PluginManager:220 - loadIPPluginJar : add nvic
2025-12-16 11:53:24,389 [INFO] IPUIPlugin:80 - create IPUIPlugin
2025-12-16 11:53:24,390 [INFO] PluginManager:220 - loadIPPluginJar : add gpio
2025-12-16 11:53:24,396 [INFO] IPUIPlugin:80 - create IPUIPlugin
2025-12-16 11:53:24,396 [INFO] PluginManager:220 - loadIPPluginJar : add openamp
2025-12-16 11:53:24,401 [INFO] IPUIPlugin:80 - create IPUIPlugin
2025-12-16 11:53:24,401 [INFO] PluginManager:220 - loadIPPluginJar : add aes
2025-12-16 11:53:24,406 [INFO] IPUIPlugin:80 - create IPUIPlugin
2025-12-16 11:53:24,406 [INFO] PluginManager:220 - loadIPPluginJar : add dma3
2025-12-16 11:53:24,417 [INFO] IPUIPlugin:80 - create IPUIPlugin
2025-12-16 11:53:24,417 [INFO] PluginManager:220 - loadIPPluginJar : add mdma
2025-12-16 11:53:24,431 [INFO] IPUIPlugin:80 - create IPUIPlugin
2025-12-16 11:53:24,434 [INFO] PluginManager:220 - loadIPPluginJar : add plateformsettings
2025-12-16 11:53:24,437 [INFO] IPUIPlugin:80 - create IPUIPlugin
2025-12-16 11:53:24,437 [INFO] PluginManager:220 - loadIPPluginJar : add usart
2025-12-16 11:53:24,446 [INFO] IPUIPlugin:80 - create IPUIPlugin
2025-12-16 11:53:24,446 [INFO] PluginManager:220 - loadIPPluginJar : add ddr_ctrl_phy
2025-12-16 11:53:24,450 [INFO] IPUIPlugin:80 - create IPUIPlugin
2025-12-16 11:53:24,451 [INFO] PluginManager:220 - loadIPPluginJar : add cryp
2025-12-16 11:53:24,453 [INFO] IPUIPlugin:80 - create IPUIPlugin
2025-12-16 11:53:24,453 [INFO] PluginManager:220 - loadIPPluginJar : add genericplugin
2025-12-16 11:53:24,456 [INFO] IPUIPlugin:80 - create IPUIPlugin
2025-12-16 11:53:24,456 [INFO] PluginManager:220 - loadIPPluginJar : add quadspi
2025-12-16 11:53:24,466 [INFO] IPUIPlugin:80 - create IPUIPlugin
2025-12-16 11:53:24,467 [INFO] PluginManager:220 - loadIPPluginJar : add linkedlist
2025-12-16 11:53:24,476 [INFO] IPUIPlugin:80 - create IPUIPlugin
2025-12-16 11:53:24,476 [INFO] PluginManager:220 - loadIPPluginJar : add freertos
2025-12-16 11:53:24,484 [INFO] IPUIPlugin:80 - create IPUIPlugin
2025-12-16 11:53:24,485 [INFO] PluginManager:220 - loadIPPluginJar : add stm32_wpan
2025-12-16 11:53:24,489 [INFO] IPUIPlugin:80 - create IPUIPlugin
2025-12-16 11:53:24,489 [INFO] PluginManager:220 - loadIPPluginJar : add tim
2025-12-16 11:53:24,495 [INFO] IPUIPlugin:80 - create IPUIPlugin
2025-12-16 11:53:24,495 [INFO] PluginManager:220 - loadIPPluginJar : add i3c
2025-12-16 11:53:24,498 [INFO] IPUIPlugin:80 - create IPUIPlugin
2025-12-16 11:53:24,498 [INFO] PluginManager:220 - loadIPPluginJar : add ts
2025-12-16 11:53:24,501 [INFO] IPUIPlugin:80 - create IPUIPlugin
2025-12-16 11:53:24,502 [INFO] PluginManager:220 - loadIPPluginJar : add tracer_emb
2025-12-16 11:53:24,510 [INFO] IPUIPlugin:80 - create IPUIPlugin
2025-12-16 11:53:24,511 [INFO] PluginManager:220 - loadIPPluginJar : add touchsensing
2025-12-16 11:53:24,521 [INFO] IPUIPlugin:80 - create IPUIPlugin
2025-12-16 11:53:24,521 [INFO] PluginManager:220 - loadIPPluginJar : add gic
2025-12-16 11:53:24,528 [INFO] IPUIPlugin:80 - create IPUIPlugin
2025-12-16 11:53:24,528 [INFO] PluginManager:220 - loadIPPluginJar : add resmgrutility
2025-12-16 11:53:24,531 [INFO] IPUIPlugin:80 - create IPUIPlugin
2025-12-16 11:53:24,532 [INFO] PluginManager:220 - loadIPPluginJar : add radio
2025-12-16 11:53:24,644 [FATAL] Updater:351 - Updater called before beeing initialized
2025-12-16 11:53:24,676 [INFO] RulesReader:64 - Compatibility file has been processed (301 Rules)
2025-12-16 11:53:24,687 [INFO] RulesReader:64 - Compatibility file has been processed (301 Rules)
2025-12-16 11:53:24,696 [INFO] CADModel:165 - CPN selected for project level
2025-12-16 11:53:24,696 [INFO] CADModel:114 - Register for checkConnection events
2025-12-16 11:53:24,696 [FATAL] Updater:351 - Updater called before beeing initialized
2025-12-16 11:53:24,696 [ERROR] CADModel:125 - Updater not yet initialized, retry later 
2025-12-16 11:53:24,911 [FATAL] Updater:351 - Updater called before beeing initialized
2025-12-16 11:53:24,914 [INFO] CADModel:165 - CPN selected for project level
2025-12-16 11:53:24,915 [INFO] CADModel:114 - Register for checkConnection events
2025-12-16 11:53:24,915 [FATAL] Updater:351 - Updater called before beeing initialized
2025-12-16 11:53:24,915 [ERROR] CADModel:125 - Updater not yet initialized, retry later 
2025-12-16 11:53:24,918 [FATAL] Updater:351 - Updater called before beeing initialized
2025-12-16 11:53:25,017 [FATAL] Updater:351 - Updater called before beeing initialized
2025-12-16 11:53:25,023 [INFO] DbMcusAds:53 - JSON generation date=Tue Dec 16 00:11:46 CET 2025 (1765840306209)
2025-12-16 11:53:25,023 [FATAL] Updater:351 - Updater called before beeing initialized
2025-12-16 11:53:25,070 [WARN] DetailPanel:346 - Failed to get advertising image, set to default
2025-12-16 11:53:25,313 [FATAL] Updater:351 - Updater called before beeing initialized
2025-12-16 11:53:25,315 [FATAL] Updater:351 - Updater called before beeing initialized
2025-12-16 11:53:25,315 [FATAL] Updater:351 - Updater called before beeing initialized
2025-12-16 11:53:25,315 [WARN] DetailPanel:346 - Failed to get advertising image, set to default
2025-12-16 11:53:25,317 [FATAL] Updater:351 - Updater called before beeing initialized
2025-12-16 11:53:25,366 [ERROR] Updater:1198 - MainUpdater not yet initialized. External WinMGr cannot be set.
2025-12-16 11:53:25,370 [INFO] Updater:1134 - Updater Version found : 6.14.0
2025-12-16 11:53:25,401 [INFO] ApplicationProperties:184 - Using Application install path: /opt/st/stm32cubeide_1.18.0/plugins/com.st.stm32cube.common.mx_6.14.0.202502271554
2025-12-16 11:53:25,750 [INFO] MainUpdater:2872 - connection check result : 10
2025-12-16 11:53:25,752 [INFO] MainUpdater:289 - Updater Check For Update Now.
2025-12-16 11:53:25,752 [INFO] MicroXplorer:498 - Change Database Version : DB.6.0.140
2025-12-16 11:53:25,758 [INFO] McuFinderGlobals:63 - Set McuFinder mode to 2 (CubeIDE integrated)
2025-12-16 11:53:25,761 [INFO] UserAuth:486 - Internet connection configuration mode: 1
2025-12-16 11:53:25,810 [INFO] JxBrowserEngine:152 - Initiate JxBrowser Engine with user profile folder
2025-12-16 11:53:26,040 [INFO] CheckServerUpdateThread:120 - End of CheckServer Thread
2025-12-16 11:53:26,802 [WARN] PackLoader:240 - Cannot read IP mode file for STMicroelectronics.FP-SNS-MOTENVWB1.1.4.0
2025-12-16 11:53:26,823 [WARN] PackLoader:240 - Cannot read IP mode file for STMicroelectronics.FP-ATR-ASTRA1.2.0.2
2025-12-16 11:53:26,839 [WARN] PackLoader:240 - Cannot read IP mode file for STMicroelectronics.X-CUBE-SMBUS.2.1.0
2025-12-16 11:53:26,936 [WARN] PackLoader:240 - Cannot read IP mode file for STMicroelectronics.X-CUBE-AZRTOS-F7.1.1.0
2025-12-16 11:53:26,961 [ERROR] Engine:466 - /home/krotki/.stm32cubemx/thirdparties/pdsc/STMicroelectronics.FP-SNS-MOTENV1.5.1.0.pdsc: PDSC version is not supported
2025-12-16 11:53:26,990 [ERROR] Engine:466 - /home/krotki/.stm32cubemx/thirdparties/pdsc/WES.I-CUBE-Cesium.1.4.0.pdsc: PDSC version is not supported
2025-12-16 11:53:27,146 [WARN] PackLoader:240 - Cannot read IP mode file for STMicroelectronics.X-CUBE-AZRTOS-H7.3.4.0
2025-12-16 11:53:27,240 [WARN] PackLoader:240 - Cannot read IP mode file for STMicroelectronics.X-CUBE-DISPLAY.3.0.0
2025-12-16 11:53:27,357 [WARN] PackLoader:240 - Cannot read IP mode file for STMicroelectronics.X-CUBE-NFC10.1.0.0
2025-12-16 11:53:27,389 [WARN] PackLoader:240 - Cannot read IP mode file for STMicroelectronics.X-CUBE-ST60.1.1.0
2025-12-16 11:53:27,450 [WARN] PackLoader:240 - Cannot read IP mode file for emotas.I-CUBE-CANOPEN.1.3.0
2025-12-16 11:53:27,492 [WARN] PackLoader:240 - Cannot read IP mode file for STMicroelectronics.X-CUBE-GNSS1.7.1.0
2025-12-16 11:53:27,519 [ERROR] Engine:466 - /home/krotki/.stm32cubemx/thirdparties/pdsc/STMicroelectronics.FP-SNS-STBOX1.2.1.0.pdsc: PDSC version is not supported
2025-12-16 11:53:27,525 [WARN] PackLoader:240 - Cannot read IP mode file for STMicroelectronics.FP-SNS-SMARTAG2.1.2.0
2025-12-16 11:53:27,540 [WARN] PackLoader:240 - Cannot read IP mode file for STMicroelectronics.FP-SNS-FLIGHT1.5.1.0
2025-12-16 11:53:27,552 [INFO] LogOutputStream:77 - [STDOUT_REDIRECT] 1 : Invalid condition id : UX_CORESTACK_Condition cause : null
2025-12-16 11:53:27,553 [INFO] LogOutputStream:77 - [STDOUT_REDIRECT] 1 : Invalid condition id : UX_CORESTACK_Condition cause : null
2025-12-16 11:53:27,553 [INFO] LogOutputStream:77 - [STDOUT_REDIRECT] 1 : Invalid condition id : UX_CORESTACK_Condition cause : null
2025-12-16 11:53:27,553 [INFO] LogOutputStream:77 - [STDOUT_REDIRECT] 1 : Invalid condition id : UX_CORESTACK_Condition cause : null
2025-12-16 11:53:27,554 [INFO] LogOutputStream:77 - [STDOUT_REDIRECT] 1 : Invalid condition id : UX_CORESTACK_Condition cause : null
2025-12-16 11:53:27,556 [WARN] PackLoader:240 - Cannot read IP mode file for STMicroelectronics.X-CUBE-AZRTOS-WL.2.0.0
2025-12-16 11:53:27,587 [WARN] PackLoader:240 - Cannot read IP mode file for STMicroelectronics.X-CUBE-AZRTOS-H7RS.1.2.0
2025-12-16 11:53:27,621 [WARN] PackLoader:240 - Cannot read IP mode file for STMicroelectronics.X-CUBE-BLE2.3.3.0
2025-12-16 11:53:27,708 [WARN] PackLoader:240 - Cannot read IP mode file for Infineon.AIROC-Wi-Fi-Bluetooth-STM32.1.8.0
2025-12-16 11:53:27,727 [WARN] PackLoader:240 - Cannot read IP mode file for STMicroelectronics.X-CUBE-NFC9.1.0.0
2025-12-16 11:53:27,775 [WARN] PackLoader:240 - Cannot read IP mode file for wolfSSL.I-CUBE-wolfSSL.5.8.2
2025-12-16 11:53:27,786 [WARN] PackLoader:240 - Cannot read IP mode file for STMicroelectronics.X-CUBE-BLE1.7.1.0
2025-12-16 11:53:27,791 [WARN] PackLoader:240 - Cannot read IP mode file for wolfSSL.I-CUBE-wolfMQTT.1.19.2
2025-12-16 11:53:27,800 [ERROR] Engine:466 - /home/krotki/.stm32cubemx/thirdparties/pdsc/STMicroelectronics.X-CUBE-FREERTOS.1.4.0.pdsc: PDSC version is not supported
2025-12-16 11:53:27,805 [WARN] PackLoader:240 - Cannot read IP mode file for STMicroelectronics.X-CUBE-EEPRMA1.5.2.0
2025-12-16 11:53:27,815 [WARN] PackLoader:240 - Cannot read IP mode file for wolfSSL.I-CUBE-wolfSSL.5.8.4
2025-12-16 11:53:27,818 [WARN] PackLoader:240 - Cannot read IP mode file for Cesanta.I-CUBE-Mongoose.7.20.0
2025-12-16 11:53:27,827 [ERROR] Engine:466 - /home/krotki/.stm32cubemx/thirdparties/pdsc/STMicroelectronics.X-CUBE-ST67W61.1.1.0.pdsc: PDSC version is not supported
2025-12-16 11:53:27,906 [WARN] PackLoader:240 - Cannot read IP mode file for STMicroelectronics.X-CUBE-MEMS1.12.0.0
2025-12-16 11:53:28,017 [WARN] PackLoader:240 - Cannot read IP mode file for STMicroelectronics.X-CUBE-AZRTOS-G0.1.1.0
2025-12-16 11:53:28,029 [WARN] PackLoader:240 - Cannot read IP mode file for STMicroelectronics.X-CUBE-NFC4.3.0.0
2025-12-16 11:53:28,040 [WARN] PackLoader:240 - Cannot read IP mode file for EmbeddedOffice.I-CUBE-FS-RTOS.1.0.1
2025-12-16 11:53:28,058 [WARN] PackLoader:240 - Cannot read IP mode file for STMicroelectronics.X-CUBE-WB05N.2.0.0
2025-12-16 11:53:28,068 [WARN] PackLoader:240 - Cannot read IP mode file for wolfSSL.I-CUBE-wolfTPM.3.8.0
2025-12-16 11:53:28,079 [WARN] PackLoader:240 - Cannot read IP mode file for STMicroelectronics.X-CUBE-TCPP.4.2.0
2025-12-16 11:53:28,092 [WARN] PackLoader:240 - Cannot read IP mode file for RealThread.X-CUBE-RT-Thread_Nano.4.1.1
2025-12-16 11:53:28,103 [WARN] PackLoader:240 - Cannot read IP mode file for STMicroelectronics.FP-ATR-SIGFOX1.3.2.0
2025-12-16 11:53:28,123 [WARN] PackLoader:240 - Cannot read IP mode file for ITTIA_DB.I-CUBE-ITTIADB.8.9.0
2025-12-16 11:53:28,130 [WARN] PackLoader:240 - Cannot read IP mode file for STMicroelectronics.X-CUBE-AI.10.2.0
2025-12-16 11:53:28,216 [WARN] PackLoader:240 - Cannot read IP mode file for SEGGER.I-CUBE-embOS.1.3.1
2025-12-16 11:53:28,401 [WARN] PackLoader:240 - Cannot read IP mode file for STMicroelectronics.X-CUBE-ALGOBUILD.1.4.0
2025-12-16 11:53:28,413 [WARN] PackLoader:240 - Cannot read IP mode file for STMicroelectronics.X-CUBE-PM33A1.1.0.0
2025-12-16 11:53:28,463 [WARN] PackLoader:240 - Cannot read IP mode file for STMicroelectronics.X-CUBE-AZRTOS-F4.1.1.0
2025-12-16 11:53:28,575 [WARN] PackLoader:240 - Cannot read IP mode file for STMicroelectronics.X-CUBE-ISPU.2.1.0
2025-12-16 11:53:28,600 [ERROR] Engine:466 - /home/krotki/.stm32cubemx/thirdparties/pdsc/STMicroelectronics.X-CUBE-IPS.3.2.0.pdsc: PDSC version is not supported
2025-12-16 11:53:28,630 [WARN] PackLoader:240 - Cannot read IP mode file for STMicroelectronics.X-CUBE-NFC12.1.0.0
2025-12-16 11:53:28,695 [WARN] PackLoader:240 - Cannot read IP mode file for STMicroelectronics.X-CUBE-AZRTOS-L5.2.0.0
2025-12-16 11:53:28,782 [WARN] PackLoader:240 - Cannot read IP mode file for STMicroelectronics.X-CUBE-NFC6.3.1.0
2025-12-16 11:53:28,809 [WARN] PackLoader:240 - Cannot read IP mode file for STMicroelectronics.X-CUBE-TOUCHGFX.4.26.0
2025-12-16 11:53:28,822 [WARN] PackLoader:240 - Cannot read IP mode file for STMicroelectronics.FP-SNS-STAIOTCFT.1.0.0
2025-12-16 11:53:28,836 [WARN] PackLoader:240 - Cannot read IP mode file for STMicroelectronics.X-CUBE-DPower.1.3.0
2025-12-16 11:53:28,867 [WARN] ConditionMgr:438 - getConditionDescription Invalid condition id : LAN8742 Phy interface Condition cause : null
2025-12-16 11:53:28,868 [WARN] PackLoader:240 - Cannot read IP mode file for STMicroelectronics.X-CUBE-AZRTOS-L4.2.0.0
2025-12-16 11:53:28,870 [WARN] ConditionMgr:1044 - genDependencies : Invalid condition id : LAN8742 Phy interface Condition cause : null
2025-12-16 11:53:28,870 [WARN] ConditionMgr:1044 - genDependencies : Invalid condition id : LAN8742 Phy interface Condition cause : null
2025-12-16 11:53:28,870 [WARN] ConditionMgr:1044 - genDependencies : Invalid condition id : LAN8742 Phy interface Condition cause : null
2025-12-16 11:53:28,877 [WARN] PackLoader:240 - Cannot read IP mode file for STMicroelectronics.X-CUBE-SFXS2LP1.4.0.0
2025-12-16 11:53:28,887 [WARN] PackLoader:240 - Cannot read IP mode file for STMicroelectronics.X-CUBE-BLEMGR.4.1.0
2025-12-16 11:53:28,899 [WARN] ConditionMgr:438 - getConditionDescription Invalid condition id : UX DEVICE CLASS RTOS Condition cause : null
2025-12-16 11:53:28,899 [WARN] ConditionMgr:438 - getConditionDescription Invalid condition id : UX DEVICE CLASS RTOS Condition cause : null
2025-12-16 11:53:28,900 [WARN] PackLoader:240 - Cannot read IP mode file for STMicroelectronics.X-CUBE-AZRTOS-WB.2.0.0
2025-12-16 11:53:28,900 [WARN] ConditionMgr:1044 - genDependencies : Invalid condition id : UX DEVICE CLASS RTOS Condition cause : null
2025-12-16 11:53:28,901 [WARN] ConditionMgr:1044 - genDependencies : Invalid condition id : UX DEVICE CLASS RTOS Condition cause : null
2025-12-16 11:53:28,901 [WARN] ConditionMgr:1044 - genDependencies : Invalid condition id : UX DEVICE CLASS RTOS Condition cause : null
2025-12-16 11:53:28,901 [WARN] ConditionMgr:1044 - genDependencies : Invalid condition id : UX DEVICE CLASS RTOS Condition cause : null
2025-12-16 11:53:28,901 [WARN] ConditionMgr:1044 - genDependencies : Invalid condition id : UX DEVICE CLASS RTOS Condition cause : null
2025-12-16 11:53:28,905 [WARN] ConditionMgr:438 - getConditionDescription Invalid condition id : Cortex-A Device cause : null
2025-12-16 11:53:28,915 [WARN] ConditionMgr:1044 - genDependencies : Invalid condition id : Cortex-A Device cause : null
2025-12-16 11:53:28,915 [WARN] ConditionMgr:1044 - genDependencies : Invalid condition id : Cortex-A Device cause : null
2025-12-16 11:53:28,916 [WARN] ConditionMgr:1044 - genDependencies : Invalid condition id : Cortex-A Device cause : null
2025-12-16 11:53:28,929 [WARN] PackLoader:240 - Cannot read IP mode file for STMicroelectronics.X-CUBE-SUBG2.5.0.0
2025-12-16 11:53:28,981 [WARN] PackLoader:240 - Cannot read IP mode file for STMicroelectronics.X-CUBE-AZRTOS-G4.2.0.0
2025-12-16 11:53:28,988 [WARN] PackLoader:240 - Cannot read IP mode file for wolfSSL.I-CUBE-wolfSSH.1.4.20
2025-12-16 11:53:28,997 [WARN] PackLoader:240 - Cannot read IP mode file for STMicroelectronics.X-CUBE-NFC7.2.0.0
2025-12-16 11:53:29,002 [WARN] PackLoader:240 - Cannot read IP mode file for STMicroelectronics.X-CUBE-ALS.1.0.2
2025-12-16 11:53:29,009 [WARN] PackLoader:240 - Cannot read IP mode file for STMicroelectronics.X-CUBE-STSE01.1.0.0
2025-12-16 11:53:29,020 [WARN] PackLoader:240 - Cannot read IP mode file for STMicroelectronics.X-CUBE-TOF1.3.4.3
2025-12-16 11:53:29,044 [INFO] ThirdParty:978 - Integrity check success = true
2025-12-16 11:53:29,044 [INFO] IntegrityCheckThread:100 - exiting critical section [integrity check]
2025-12-16 11:53:29,044 [INFO] IntegrityCheckThread:103 - End integrity checks thread
2025-12-16 11:53:29,547 [INFO] WebApp:169 - Instantiating new browser for Auth
2025-12-16 11:53:31,385 [INFO] WebApp:463 - Apply proxy settings
2025-12-16 11:53:31,387 [INFO] WebApp:548 - Chromium requires no authentication
2025-12-16 11:53:31,401 [INFO] WebApp:491 - Direct internet connection detected
2025-12-16 11:53:31,428 [INFO] WebApp:894 - Register for checkConnection events
2025-12-16 11:53:31,428 [INFO] WebApp:463 - Apply proxy settings
2025-12-16 11:53:31,429 [INFO] WebApp:548 - Chromium requires no authentication
2025-12-16 11:53:31,430 [INFO] WebApp:491 - Direct internet connection detected
2025-12-16 11:53:31,649 [INFO] WebApp:225 - Starting web application
2025-12-16 11:53:31,649 [INFO] WebApp:593 - Web application path used /opt/st/stm32cubeide_1.18.0/plugins/com.st.stm32cube.common.mx_6.14.0.202502271554/db/plugins/mcufinder/reactClient1/index.html
2025-12-16 11:53:31,942 [INFO] UserAuth:486 - Internet connection configuration mode: 1
2025-12-16 11:53:32,283 [INFO] WebApp:191 - Connection restablished
